 POTK[1] = 0.70
 FTIME[1] = 0.30
 KOL[1] = 1060 KOBR[1] = 155 KOTK[1] = 746
 POTK[2] = 0.76
 FTIME[2] = 1.01
 KOL[2] = 2056 KOBR[2] = 250 KOTK[2] = 1555
 POTK[3] = 0.71
 FTIME[3] = 0.48
 KOL[3] = 1000 KOBR[3] = 143 KOTK[3] = 713
 POTK[4] = 0.71
 FTIME[4] = 0.56
 KOL[4] = 1062 KOBR[4] = 153 KOTK[4] = 756

 POTK[1] = 0.78
 FTIME[1] = 0.89
 KOL[1] = 1856 KOBR[1] = 201 KOTK[1] = 1451
 POTK[2] = 0.77
 FTIME[2] = 0.98
 KOL[2] = 2170 KOBR[2] = 248 KOTK[2] = 1673
 POTK[3] = 0.73
 FTIME[3] = 0.51
 KOL[3] = 1000 KOBR[3] = 136 KOTK[3] = 727
 POTK[4] = 0.75
 FTIME[4] = 0.53
 KOL[4] = 1109 KOBR[4] = 139 KOTK[4] = 829

 POTK[1] = 0.80
 FTIME[1] = 0.98
 KOL[1] = 2332 KOBR[1] = 237 KOTK[1] = 1854
 POTK[2] = 0.80
 FTIME[2] = 0.92
 KOL[2] = 2075 KOBR[2] = 211 KOTK[2] = 1653
 POTK[3] = 0.76
 FTIME[3] = 0.43
 KOL[3] = 1006 KOBR[3] = 122 KOTK[3] = 761
 POTK[4] = 0.76
 FTIME[4] = 0.58
 KOL[4] = 1000 KOBR[4] = 121 KOTK[4] = 756

 POTK[1] = 0.82
 FTIME[1] = 1.20
 KOL[1] = 3094 KOBR[1] = 271 KOTK[1] = 2548
 POTK[2] = 0.81
 FTIME[2] = 0.87
 KOL[2] = 1949 KOBR[2] = 184 KOTK[2] = 1580
 POTK[3] = 0.78
 FTIME[3] = 0.64
 KOL[3] = 1037 KOBR[3] = 115 KOTK[3] = 807
 POTK[4] = 0.79
 FTIME[4] = 0.44
 KOL[4] = 1000 KOBR[4] = 104 KOTK[4] = 790

 POTK[1] = 0.83
 FTIME[1] = 1.09
 KOL[1] = 3847 KOBR[1] = 326 KOTK[1] = 3193
 POTK[2] = 0.82
 FTIME[2] = 0.85
 KOL[2] = 2049 KOBR[2] = 182 KOTK[2] = 1682
 POTK[3] = 0.79
 FTIME[3] = 0.48
 KOL[3] = 1008 KOBR[3] = 105 KOTK[3] = 797
 POTK[4] = 0.78
 FTIME[4] = 0.51
 KOL[4] = 1000 KOBR[4] = 108 KOTK[4] = 783

 POTK[1] = 0.86
 FTIME[1] = 1.26
 KOL[1] = 4878 KOBR[1] = 334 KOTK[1] = 4206
 POTK[2] = 0.82
 FTIME[2] = 0.99
 KOL[2] = 2107 KOBR[2] = 188 KOTK[2] = 1730
 POTK[3] = 0.79
 FTIME[3] = 0.72
 KOL[3] = 1045 KOBR[3] = 108 KOTK[3] = 828
 POTK[4] = 0.85
 FTIME[4] = 0.39
 KOL[4] = 1000 KOBR[4] = 74 KOTK[4] = 851

 POTK[1] = 0.87
 FTIME[1] = 1.24
 KOL[1] = 5150 KOBR[1] = 323 KOTK[1] = 4501
 POTK[2] = 0.84
 FTIME[2] = 1.04
 KOL[2] = 1979 KOBR[2] = 161 KOTK[2] = 1656
 POTK[3] = 0.83
 FTIME[3] = 0.43
 KOL[3] = 1000 KOBR[3] = 87 KOTK[3] = 825
 POTK[4] = 0.82
 FTIME[4] = 0.57
 KOL[4] = 1033 KOBR[4] = 93 KOTK[4] = 846

 POTK[1] = 0.89
 FTIME[1] = 1.35
 KOL[1] = 5948 KOBR[1] = 334 KOTK[1] = 5277
 POTK[2] = 0.84
 FTIME[2] = 1.02
 KOL[2] = 2016 KOBR[2] = 158 KOTK[2] = 1698
 POTK[3] = 0.83
 FTIME[3] = 0.51
 KOL[3] = 1027 KOBR[3] = 88 KOTK[3] = 850
 POTK[4] = 0.86
 FTIME[4] = 0.71
 KOL[4] = 1000 KOBR[4] = 69 KOTK[4] = 861

 POTK[1] = 0.89
 FTIME[1] = 1.34
 KOL[1] = 6906 KOBR[1] = 387 KOTK[1] = 6129
 POTK[2] = 0.85
 FTIME[2] = 0.79
 KOL[2] = 2009 KOBR[2] = 154 KOTK[2] = 1700
 POTK[3] = 0.83
 FTIME[3] = 0.51
 KOL[3] = 1000 KOBR[3] = 82 KOTK[3] = 834
 POTK[4] = 0.83
 FTIME[4] = 0.58
 KOL[4] = 1036 KOBR[4] = 89 KOTK[4] = 857

 POTK[1] = 0.90
 FTIME[1] = 1.41
 KOL[1] = 7434 KOBR[1] = 369 KOTK[1] = 6693
 POTK[2] = 0.87
 FTIME[2] = 1.05
 KOL[2] = 1976 KOBR[2] = 127 KOTK[2] = 1721
 POTK[3] = 0.86
 FTIME[3] = 0.51
 KOL[3] = 1000 KOBR[3] = 68 KOTK[3] = 863
 POTK[4] = 0.84
 FTIME[4] = 0.53
 KOL[4] = 1024 KOBR[4] = 81 KOTK[4] = 860

 POTK[1] = 0.91
 FTIME[1] = 1.40
 KOL[1] = 8219 KOBR[1] = 384 KOTK[1] = 7446
 POTK[2] = 0.88
 FTIME[2] = 1.06
 KOL[2] = 2164 KOBR[2] = 134 KOTK[2] = 1895
 POTK[3] = 0.84
 FTIME[3] = 0.63
 KOL[3] = 1045 KOBR[3] = 83 KOTK[3] = 878
 POTK[4] = 0.86
 FTIME[4] = 0.55
 KOL[4] = 1000 KOBR[4] = 69 KOTK[4] = 862

